Release 14.7 - platgen Xilinx EDK 14.7 Build EDK_P.20131013
 (nt)
Copyright (c) 1995-2013 Xilinx, Inc.  All rights reserved.

Command Line: platgen -p xc7z010clg400-1 -lang verilog -intstyle pa -itemplate
-tm cpu0 -lp J:/zing_pro/snowleo/SnowLeo_SDR_v14_7_rls/pldma.srcs/sources_1/edk/
J:\zing_pro\snowleo\SnowLeo_SDR_v14_7_rls\pldma.srcs\sources_1\edk\cpu0\cpu0.mhs
 

Parse
J:/zing_pro/snowleo/SnowLeo_SDR_v14_7_rls/pldma.srcs/sources_1/edk/cpu0/cpu0.mhs
...

Create merged mhs ...

Overriding IP level properties ...
INFO:EDK:4130 - IPNAME: processing_system7, INSTANCE:processing_system7_0 - tcl
   is overriding PARAMETER C_PACKAGE_NAME value to clg400 -
   H:\IDE14_7\14.7\ISE_DS\EDK\hw\XilinxProcessorIPLib\pcores\processing_system7_
   v4_03_a\data\processing_system7_v2_1_0.mpd line 185 
INFO:EDK:4130 - IPNAME: processing_system7, INSTANCE:processing_system7_0 - tcl
   is overriding PARAMETER C_S_AXI_HP1_HIGHADDR value to 0x1FFFFFFF -
   H:\IDE14_7\14.7\ISE_DS\EDK\hw\XilinxProcessorIPLib\pcores\processing_system7_
   v4_03_a\data\processing_system7_v2_1_0.mpd line 304 
INFO:EDK:4130 - IPNAME: processing_system7, INSTANCE:processing_system7_0 - tcl
   is overriding PARAMETER C_S_AXI_HP3_HIGHADDR value to 0x1FFFFFFF -
   H:\IDE14_7\14.7\ISE_DS\EDK\hw\XilinxProcessorIPLib\pcores\processing_system7_
   v4_03_a\data\processing_system7_v2_1_0.mpd line 312 
INFO:EDK:4130 - IPNAME: processing_system7, INSTANCE:processing_system7_0 - tcl
   is overriding PARAMETER C_NUM_F2P_INTR_INPUTS value to 1 -
   H:\IDE14_7\14.7\ISE_DS\EDK\hw\XilinxProcessorIPLib\pcores\processing_system7_
   v4_03_a\data\processing_system7_v2_1_0.mpd line 319 
INFO:EDK:4130 - IPNAME: axi_interconnect, INSTANCE:axi_gp0 - tcl is overriding
   PARAMETER C_BASEFAMILY value to zynq -
   H:\IDE14_7\14.7\ISE_DS\EDK\hw\XilinxProcessorIPLib\pcores\axi_interconnect_v1
   _06_a\data\axi_interconnect_v2_1_0.mpd line 81 
INFO:EDK:4130 - IPNAME: axi_interconnect, INSTANCE:axi_hp0 - tcl is overriding
   PARAMETER C_BASEFAMILY value to zynq -
   H:\IDE14_7\14.7\ISE_DS\EDK\hw\XilinxProcessorIPLib\pcores\axi_interconnect_v1
   _06_a\data\axi_interconnect_v2_1_0.mpd line 81 
INFO:EDK:4130 - IPNAME: axi_interconnect, INSTANCE:axi_hp2 - tcl is overriding
   PARAMETER C_BASEFAMILY value to zynq -
   H:\IDE14_7\14.7\ISE_DS\EDK\hw\XilinxProcessorIPLib\pcores\axi_interconnect_v1
   _06_a\data\axi_interconnect_v2_1_0.mpd line 81 

Computing clock values...
INFO:EDK:1432 - Frequency for Top-Level Input Clock
   'processing_system7_0_PS_CLK_pin' is not specified. Clock DRCs will not be
   performed for IPs connected to that clock port, unless they are connected
   through the clock generator IP. 

INFO:EDK:3716 - IPNAME: axi_vdma, INSTANCE: axi_vdma_0 - Tools are updating the
   value of the parameter C_INTERCONNECT_M_AXI_MM2S_IS_ACLK_ASYNC to '1'. 

Performing IP level DRCs on properties...

Running DRC Tcl procedures for OPTION IPLEVEL_DRC_PROC...
INFO:EDK - INFO: DDR Base and High address in current configuration is
   0x00000000 and 0x1FFFFFFF respectively. 
INFO:EDK - INFO: You can modify the DDR address range accessed by Programmable
   Logic through the processing_system7 AXI slave interfaces. If MicroBlaze is a
   master on processing_system7 AXI slave interfaces, please use the top half of
   the address range (Base Address = 0x10000000; High Address = 0x1FFFFFFF). For
   all other master, any subset of the DDR address can be used. See Xilinx
   Answer 47167 for more information. 
Address Map for Processor processing_system7_0
  (0x40420000-0x4042ffff) axi_hdmi_tx_16b_0	axi_gp0
  (0x40430000-0x4043ffff) axi_vdma_0	axi_gp0
  (0x41210000-0x4121ffff) pldma_mwr_0	axi_gp0
  (0x41220000-0x4122ffff) pldma_mrd_0	axi_gp0

Checking platform address map ...

Creating stub ...

Inserting wrapper level ...

Writing top-level HDL ...

Total run time: 7.00 seconds
