############################################################
              Zynq Internal frequencies log
############################################################


PASSED 


Input Crystal Frequency:     33.333  MHz


PLL frequencies :

********************************************************************************
|                        |    ARM PLL     |   DDR_PLL     |   IO_PLL    |           
********************************************************************************
| Prog Multiplier        |            40            32            45    
| Frequency (MHz)        |      1333.333      1066.667      1500.000    
********************************************************************************



Zynq Peripherals Frequncies :
______________________________________________________________________________________________________________________________________________________

 |  Peripheral   |   Freq Requested (MHz)   |   Freq Achieved (MHz)   |   Clock source   |   Tolerance    |  Prog Divisor 1    |   Prog Divisor 2     
______________________________________________________________________________________________________________________________________________________
 | 
 |           cpu            666.667               666.667                 ARM_PLL             0.000(%)               2        
 | 
 |           ddr            533.333               533.333                 DDR_PLL             0.000(%)               2        
 | 
 |           dci             10.159                10.159                 DDR_PLL             0.003(%)              35               3        
 | 
 |           smc            100.000               100.000                  IO_PLL             0.000(%)              15        
 | 
 |          gem0            125.000               125.000                  IO_PLL             0.000(%)              12               1        
 | 
 |          sdio             50.000                50.000                  IO_PLL             0.000(%)              30        
 | 
 |          uart            100.000               100.000                  IO_PLL             0.000(%)              15        
 | 
 |           spi            120.000               115.385                  IO_PLL             3.846(%)              13        
 | 
 |          pcap            200.000               187.500                  IO_PLL             6.250(%)               8        
 | 
 |         fpga0            200.000               187.500                  IO_PLL             6.250(%)               8               1        
 | 
 |         fpga1            153.000               150.000                  IO_PLL             1.961(%)              10               1        
 | 
 |         fpga2            100.000               100.000                  IO_PLL             0.000(%)              15               1        
 | 
 |         fpga3             50.000                50.000                  IO_PLL             0.000(%)              30               1        
 | 
 |           wdt            133.333               111.111                  CPU_1X
 | 
 |     ttc0_clk0            133.333               111.111                  CPU_1X
 | 
 |     ttc0_clk1            133.333               111.111                  CPU_1X
 | 
 |     ttc0_clk2            133.333               111.111                  CPU_1X
 | 
______________________________________________________________________________________________________________________________________________________
