WARNING:EDK:878 - Could not find IP doc
   http://www.xilinx.com/cgi-bin/docs/ipdoc?c=axi_interconnect;v=v1_06_a;d=ds768
   _axi_interconnect.pdf
WARNING:EDK:878 - Could not find IP doc
   http://www.xilinx.com/cgi-bin/docs/ipdoc?c=axi_interconnect;v=v1_06_a;d=ds768
   _axi_interconnect.pdf
WARNING:EDK:878 - Could not find IP doc
   http://www.xilinx.com/cgi-bin/docs/ipdoc?c=proc_sys_reset;v=v3_00_a;d=proc_sy
   s_reset.pdf
WARNING:EDK:878 - Could not find IP doc
   http://www.xilinx.com/cgi-bin/docs/ipdoc?c=axi_vdma;v=v5_04_a;d=pg020_axi_vdm
   a.pdf
WARNING:EDK:878 - Could not find IP doc
   http://www.xilinx.com/cgi-bin/docs/ipdoc?c=axi_interconnect;v=v1_06_a;d=ds768
   _axi_interconnect.pdf
Generated Block Diagram.
Rasterizing processing_system7_0.jpg.....
Rasterizing axi_gp0.jpg.....
Rasterizing axi_hp0.jpg.....
Rasterizing sys_reset_n.jpg.....
Rasterizing pldma_mwr_0.jpg.....
Rasterizing pldma_mrd_0.jpg.....
Rasterizing axi_vdma_0.jpg.....
Rasterizing axi_hdmi_tx_16b_0.jpg.....
Rasterizing axi_hp2.jpg.....
Rasterizing cpu0_blkd.jpg.....
Report generated.
Report generation completed.
